*** Error in `./imgproc_streams': free(): invalid pointer: 0x0000000203300000 ***
======= Backtrace: =========
/lib64/libc.so.6(+0x816e9)[0x7f5253ed26e9]
./imgproc_streams[0x403d62]
/lib64/libc.so.6(__libc_start_main+0xf5)[0x7f5253e73575]
./imgproc_streams[0x40402e]
======= Memory map: ========
00400000-0048e000 r-xp 00000000 00:1c 4980904                            /shared/home/u162359/lab4_TxGyy/2_image_streams/imgproc_streams
0048f000-00493000 r--p 0008e000 00:1c 4980904                            /shared/home/u162359/lab4_TxGyy/2_image_streams/imgproc_streams
00493000-00494000 rw-p 00092000 00:1c 4980904                            /shared/home/u162359/lab4_TxGyy/2_image_streams/imgproc_streams
00494000-00495000 rw-p 00000000 00:00 0 
02247000-027b3000 rw-p 00000000 00:00 0                                  [heap]
200000000-200100000 rw-s 00000000 00:06 27699                            /dev/nvidiactl
200100000-200300000 rw-s 00000000 00:06 27699                            /dev/nvidiactl
200300000-202b00000 rw-s 00000000 00:06 27699                            /dev/nvidiactl
202b00000-202c00000 rw-s 00000000 00:06 27699                            /dev/nvidiactl
202c00000-202d00000 rw-s 00000000 00:05 364122                           /dev/zero (deleted)
202d00000-202e00000 rw-s 00000000 00:06 27699                            /dev/nvidiactl
202e00000-202f00000 rw-s 00000000 00:05 364123                           /dev/zero (deleted)
202f00000-203000000 rw-s 00000000 00:06 27699                            /dev/nvidiactl
203000000-203120000 ---p 00000000 00:00 0 
203120000-203220000 rw-s 00000000 00:06 27699                            /dev/nvidiactl
203220000-203300000 rw-s 00000000 00:06 27699                            /dev/nvidiactl
203300000-203be5000 rw-s 00000000 00:05 364126                           /dev/zero (deleted)
203be5000-203c00000 ---p 00000000 00:00 0 
203c00000-2044e5000 rw-s 00000000 00:05 364127                           /dev/zero (deleted)
2044e5000-204500000 ---p 00000000 00:00 0 
204500000-204de5000 rw-s 00000000 00:05 364128                           /dev/zero (deleted)
204de5000-204e00000 ---p 00000000 00:00 0 
204e00000-2056e5000 rw-s 00000000 00:05 364129                           /dev/zero (deleted)
2056e5000-205700000 ---p 00000000 00:00 0 
205700000-205fe5000 rw-s 00000000 00:05 364130                           /dev/zero (deleted)
205fe5000-2500000000 ---p 00000000 00:00 0 
7f5238000000-7f5238021000 rw-p 00000000 00:00 0 
7f5238021000-7f523c000000 ---p 00000000 00:00 0 
7f523c000000-7f523c021000 rw-p 00000000 00:00 0 
7f523c021000-7f5240000000 ---p 00000000 00:00 0 
7f5240000000-7f5240001000 rw-s 00000000 00:06 27703                      /dev/nvidia0
7f5240001000-7f5240002000 rw-s 00000000 00:06 27703                      /dev/nvidia0
7f5240002000-7f5240003000 rw-s 00000000 00:06 27703                      /dev/nvidia0
7f5240003000-7f5240004000 rw-s 00000000 00:06 27703                      /dev/nvidia0
7f5240004000-7f5240005000 rw-s 00000000 00:06 27703                      /dev/nvidia0
7f5240005000-7f5240006000 rw-s 00000000 00:06 27703                      /dev/nvidia0
7f5240006000-7f5240007000 rw-s 00000000 00:06 27703                      /dev/nvidia0
7f5240007000-7f5240008000 rw-s 00000000 00:06 27703                      /dev/nvidia0
7f5240008000-7f5240009000 rw-s 00000000 00:06 27703                      /dev/nvidia0
7f5240009000-7f524000a000 rw-s 00000000 00:06 27703                      /dev/nvidia0
7f524000a000-7f524000b000 rw-s 00000000 00:06 27703                      /dev/nvidia0
7f524000b000-7f524000c000 rw-s 00000000 00:06 27703                      /dev/nvidia0
7f524000c000-7f524000d000 rw-s 00000000 00:06 27703                      /dev/nvidia0
7f524000d000-7f524000e000 rw-s 00000000 00:06 27703                      /dev/nvidia0
7f524000e000-7f524000f000 rw-s 00000000 00:06 27703                      /dev/nvidia0
7f524000f000-7f5240010000 rw-s 00000000 00:06 27703                      /dev/nvidia0
7f5240010000-7f5250000000 ---p 00000000 00:00 0 
7f525179e000-7f5251814000 rw-p 00000000 00:00 0 
7f5251814000-7f5251914000 rw-s 00000000 00:05 364124                     /dev/zero (deleted)
7f5251914000-7f5251915000 ---p 00000000 00:00 0 
7f5251915000-7f5252115000 rw-p 00000000 00:00 0 
7f5252115000-7f5252116000 ---p 00000000 00:00 0 
7f5252116000-7f5252940000 rw-p 00000000 00:00 0 
7f5252940000-7f5253aa6000 r-xp 00000000 ca:01 29394                      /usr/lib64/libcuda.so.450.80.02
7f5253aa6000-7f5253ca5000 ---p 01166000 ca:01 29394                      /usr/lib64/libcuda.so.450.80.02
7f5253ca5000-7f5253dc2000 rw-p 01165000 ca:01 29394                      /usr/lib64/libcuda.so.450.80.02
7f5253dc2000-7f5253e51000 rw-p 00000000 00:00 0 
7f5253e51000-7f5254014000 r-xp 00000000 ca:01 2897                       /lib64/libc-2.17.so
7f5254014000-7f5254214000 ---p 001c3000 ca:01 2897                       /lib64/libc-2.17.so
7f5254214000-7f5254218000 r--p 001c3000 ca:01 2897                       /lib64/libc-2.17.so
7f5254218000-7f525421a000 rw-p 001c7000 ca:01 2897                       /lib64/libc-2.17.so
7f525421a000-7f525421f000 rw-p 00000000 00:00 0 
7f525421f000-7f5254236000 r-xp 00000000 00:1c 15469159                   /shared/easybuild/software/GCCcore/10.2.0/lib64/libgcc_s.so.1
7f5254236000-7f5254237000 r--p 00016000 00:1c 15469159                   /shared/easybuild/software/GCCcore/10.2.0/lib64/libgcc_s.so.1
7f5254237000-7f5254238000 rw-p 00017000 00:1c 15469159                   /shared/easybuild/software/GCCcore/10.2.0/lib64/libgcc_s.so.1
7f5254238000-7f5254339000 r-xp 00000000 ca:01 2905                       /lib64/libm-2.17.so
7f5254339000-7f5254538000 ---p 00101000 ca:01 2905                       /lib64/libm-2.17.so
7f5254538000-7f5254539000 r--p 00100000 ca:01 2905                       /lib64/libm-2.17.so
7f5254539000-7f525453a000 rw-p 00101000 ca:01 2905                       /lib64/libm-2.17.so
7f525453a000-7f525453c000 r-xp 00000000 ca:01 2903                       /lib64/libdl-2.17.so
7f525453c000-7f525473c000 ---p 00002000 ca:01 2903                       /lib64/libdl-2.17.so
7f525473c000-7f525473d000 r--p 00002000 ca:01 2903                       /lib64/libdl-2.17.so
7f525473d000-7f525473e000 rw-p 00003000 ca:01 2903                       /lib64/libdl-2.17.so
7f525473e000-7f5254755000 r-xp 00000000 ca:01 2923                       /lib64/libpthread-2.17.so
7f5254755000-7f5254954000 ---p 00017000 ca:01 2923                       /lib64/libpthread-2.17.so
7f5254954000-7f5254955000 r--p 00016000 ca:01 2923                       /lib64/libpthread-2.17.so
7f5254955000-7f5254956000 rw-p 00017000 ca:01 2923                       /lib64/libpthread-2.17.so
7f5254956000-7f525495a000 rw-p 00000000 00:00 0 
7f525495a000-7f5254961000 r-xp 00000000 ca:01 2927                       /lib64/librt-2.17.so
7f5254961000-7f5254b60000 ---p 00007000 ca:01 2927                       /lib64/librt-2.17.so
7f5254b60000-7f5254b61000 r--p 00006000 ca:01 2927                       /lib64/librt-2.17.so
7f5254b61000-7f5254b62000 rw-p 00007000 ca:01 2927                       /lib64/librt-2.17.so
7f5254b62000-7f5254b84000 r-xp 00000000 ca:01 2890                       /lib64/ld-2.17.so
7f5254b84000-7f5254b88000 rw-p 00000000 00:00 0 
7f5254b88000-7f5254d5b000 r-xp 00000000 00:1c 15469557                   /shared/easybuild/software/GCCcore/10.2.0/lib64/libstdc++.so.6.0.28
7f5254d5b000-7f5254d66000 r--p 001d2000 00:1c 15469557                   /shared/easybuild/software/GCCcore/10.2.0/lib64/libstdc++.so.6.0.28
7f5254d66000-7f5254d6a000 rw-p 001dd000 00:1c 15469557                   /shared/easybuild/software/GCCcore/10.2.0/lib64/libstdc++.so.6.0.28
7f5254d6a000-7f5254d71000 rw-p 00000000 00:00 0 
7f5254d71000-7f5254d72000 rw-s 00000000 00:06 27699                      /dev/nvidiactl
7f5254d72000-7f5254d73000 rw-s 00000000 00:06 27699                      /dev/nvidiactl
7f5254d73000-7f5254d74000 rw-s 00000000 00:06 27699                      /dev/nvidiactl
7f5254d74000-7f5254d75000 rw-s 00000000 00:06 27699                      /dev/nvidiactl
7f5254d75000-7f5254d76000 rw-s 00000000 00:06 27699                      /dev/nvidiactl
7f5254d76000-7f5254d77000 rw-s 00000000 00:06 27699                      /dev/nvidiactl
7f5254d77000-7f5254d78000 rw-s 00000000 00:06 27699                      /dev/nvidiactl
7f5254d78000-7f5254d79000 rw-s 00000000 00:06 27699                      /dev/nvidiactl
7f5254d79000-7f5254d7a000 rw-s 00000000 00:06 27699                      /dev/nvidiactl
7f5254d7a000-7f5254d7b000 rw-s 00000000 00:06 27699                      /dev/nvidiactl
7f5254d7b000-7f5254d7c000 rw-s 00000000 00:06 27699                      /dev/nvidiactl
7f5254d7c000-7f5254d7d000 rw-s 00000000 00:06 27699                      /dev/nvidiactl
7f5254d7d000-7f5254d7e000 rw-s 00000000 00:06 27699                      /dev/nvidiactl
7f5254d7e000-7f5254d7f000 rw-s 00000000 00:06 27699                      /dev/nvidiactl
7f5254d7f000-7f5254d80000 rw-s 00000000 00:06 27699                      /dev/nvidiactl
7f5254d80000-7f5254d81000 rw-s 00000000 00:06 27699                      /dev/nvidiactl
7f5254d81000-7f5254d82000 r--s 00000000 00:06 27703                      /dev/nvidia0
7f5254d82000-7f5254d83000 rw-p 00000000 00:00 0 
7f5254d83000-7f5254d84000 r--p 00021000 ca:01 2890                       /lib64/ld-2.17.so
7f5254d84000-7f5254d85000 rw-p 00022000 ca:01 2890                       /lib64/ld-2.17.so
7f5254d85000-7f5254d86000 rw-p 00000000 00:00 0 
7fff191fd000-7fff19221000 rw-p 00000000 00:00 0                          [stack]
7fff19395000-7fff19398000 r--p 00000000 00:00 0                          [vvar]
7fff19398000-7fff1939a000 r-xp 00000000 00:00 0                          [vdso]
ffffffffff600000-ffffffffff601000 r-xp 00000000 00:00 0                  [vsyscall]
/shared/var/spool/slurmd/job35247/slurm_script: line 15: 32040 Aborted                 ./imgproc_streams lleo 1920 1214
